[2022-11-22 08:20:04] local.ERROR: Class "App\Models\ResetPasswordNotification" not found {"exception":"[object] (Error(code: 0): Class \"App\\Models\\ResetPasswordNotification\" not found at /home/vagrant/restfull/app/Models/User.php:81)
[stacktrace]
#0 /home/vagrant/restfull/vendor/illuminate/auth/Passwords/PasswordBroker.php(71): App\\Models\\User->sendPasswordResetNotification()
#1 /home/vagrant/restfull/app/Traits/SendsPasswordResetEmails.php(25): Illuminate\\Auth\\Passwords\\PasswordBroker->sendResetLink()
#2 /home/vagrant/restfull/vendor/illuminate/container/BoundMethod.php(36): App\\Http\\Controllers\\Api\\User\\PasswordController->sendResetLinkEmail()
#3 /home/vagrant/restfull/vendor/illuminate/container/Util.php(41): Illuminate\\Container\\BoundMethod::Illuminate\\Container\\{closure}()
#4 /home/vagrant/restfull/vendor/illuminate/container/BoundMethod.php(93): Illuminate\\Container\\Util::unwrapIfClosure()
#5 /home/vagrant/restfull/vendor/illuminate/container/BoundMethod.php(37): Illuminate\\Container\\BoundMethod::callBoundMethod()
#6 /home/vagrant/restfull/vendor/illuminate/container/Container.php(651): Illuminate\\Container\\BoundMethod::call()
#7 /home/vagrant/restfull/vendor/laravel/lumen-framework/src/Concerns/RoutesRequests.php(391): Illuminate\\Container\\Container->call()
#8 /home/vagrant/restfull/vendor/laravel/lumen-framework/src/Concerns/RoutesRequests.php(357): Laravel\\Lumen\\Application->callControllerCallable()
#9 /home/vagrant/restfull/vendor/laravel/lumen-framework/src/Concerns/RoutesRequests.php(331): Laravel\\Lumen\\Application->callLumenController()
#10 /home/vagrant/restfull/vendor/laravel/lumen-framework/src/Concerns/RoutesRequests.php(284): Laravel\\Lumen\\Application->callControllerAction()
#11 /home/vagrant/restfull/vendor/laravel/lumen-framework/src/Concerns/RoutesRequests.php(269): Laravel\\Lumen\\Application->callActionOnArrayBasedRoute()
#12 /home/vagrant/restfull/vendor/laravel/lumen-framework/src/Concerns/RoutesRequests.php(171): Laravel\\Lumen\\Application->handleFoundRoute()
#13 /home/vagrant/restfull/vendor/laravel/lumen-framework/src/Concerns/RoutesRequests.php(431): Laravel\\Lumen\\Application->Laravel\\Lumen\\Concerns\\{closure}()
#14 /home/vagrant/restfull/vendor/laravel/lumen-framework/src/Concerns/RoutesRequests.php(177): Laravel\\Lumen\\Application->sendThroughPipeline()
#15 /home/vagrant/restfull/vendor/laravel/lumen-framework/src/Concerns/RoutesRequests.php(112): Laravel\\Lumen\\Application->dispatch()
#16 /home/vagrant/restfull/public/index.php(27): Laravel\\Lumen\\Application->run()
#17 {main}
"} 
[2022-11-22 08:21:35] local.ERROR: Expected response code "220" but got empty code. {"exception":"[object] (Symfony\\Component\\Mailer\\Exception\\TransportException(code: 0): Expected response code \"220\" but got empty code. at /home/vagrant/restfull/vendor/symfony/mailer/Transport/Smtp/SmtpTransport.php:316)
[stacktrace]
#0 /home/vagrant/restfull/vendor/symfony/mailer/Transport/Smtp/SmtpTransport.php(254): Symfony\\Component\\Mailer\\Transport\\Smtp\\SmtpTransport->assertResponseCode()
#1 /home/vagrant/restfull/vendor/symfony/mailer/Transport/Smtp/SmtpTransport.php(192): Symfony\\Component\\Mailer\\Transport\\Smtp\\SmtpTransport->start()
#2 /home/vagrant/restfull/vendor/symfony/mailer/Transport/AbstractTransport.php(69): Symfony\\Component\\Mailer\\Transport\\Smtp\\SmtpTransport->doSend()
#3 /home/vagrant/restfull/vendor/symfony/mailer/Transport/Smtp/SmtpTransport.php(136): Symfony\\Component\\Mailer\\Transport\\AbstractTransport->send()
#4 /home/vagrant/restfull/vendor/illuminate/mail/Mailer.php(521): Symfony\\Component\\Mailer\\Transport\\Smtp\\SmtpTransport->send()
#5 /home/vagrant/restfull/vendor/illuminate/mail/Mailer.php(285): Illuminate\\Mail\\Mailer->sendSymfonyMessage()
#6 /home/vagrant/restfull/vendor/illuminate/notifications/Channels/MailChannel.php(67): Illuminate\\Mail\\Mailer->send()
#7 /home/vagrant/restfull/vendor/illuminate/notifications/NotificationSender.php(148): Illuminate\\Notifications\\Channels\\MailChannel->send()
#8 /home/vagrant/restfull/vendor/illuminate/notifications/NotificationSender.php(106): Illuminate\\Notifications\\NotificationSender->sendToNotifiable()
#9 /home/vagrant/restfull/vendor/illuminate/support/Traits/Localizable.php(19): Illuminate\\Notifications\\NotificationSender->Illuminate\\Notifications\\{closure}()
#10 /home/vagrant/restfull/vendor/illuminate/notifications/NotificationSender.php(109): Illuminate\\Notifications\\NotificationSender->withLocale()
#11 /home/vagrant/restfull/vendor/illuminate/notifications/NotificationSender.php(79): Illuminate\\Notifications\\NotificationSender->sendNow()
#12 /home/vagrant/restfull/vendor/illuminate/notifications/ChannelManager.php(39): Illuminate\\Notifications\\NotificationSender->send()
#13 /home/vagrant/restfull/vendor/illuminate/notifications/RoutesNotifications.php(18): Illuminate\\Notifications\\ChannelManager->send()
#14 /home/vagrant/restfull/app/Models/User.php(82): App\\Models\\User->notify()
#15 /home/vagrant/restfull/vendor/illuminate/auth/Passwords/PasswordBroker.php(71): App\\Models\\User->sendPasswordResetNotification()
#16 /home/vagrant/restfull/app/Traits/SendsPasswordResetEmails.php(25): Illuminate\\Auth\\Passwords\\PasswordBroker->sendResetLink()
#17 /home/vagrant/restfull/vendor/illuminate/container/BoundMethod.php(36): App\\Http\\Controllers\\Api\\User\\PasswordController->sendResetLinkEmail()
#18 /home/vagrant/restfull/vendor/illuminate/container/Util.php(41): Illuminate\\Container\\BoundMethod::Illuminate\\Container\\{closure}()
#19 /home/vagrant/restfull/vendor/illuminate/container/BoundMethod.php(93): Illuminate\\Container\\Util::unwrapIfClosure()
#20 /home/vagrant/restfull/vendor/illuminate/container/BoundMethod.php(37): Illuminate\\Container\\BoundMethod::callBoundMethod()
#21 /home/vagrant/restfull/vendor/illuminate/container/Container.php(651): Illuminate\\Container\\BoundMethod::call()
#22 /home/vagrant/restfull/vendor/laravel/lumen-framework/src/Concerns/RoutesRequests.php(391): Illuminate\\Container\\Container->call()
#23 /home/vagrant/restfull/vendor/laravel/lumen-framework/src/Concerns/RoutesRequests.php(357): Laravel\\Lumen\\Application->callControllerCallable()
#24 /home/vagrant/restfull/vendor/laravel/lumen-framework/src/Concerns/RoutesRequests.php(331): Laravel\\Lumen\\Application->callLumenController()
#25 /home/vagrant/restfull/vendor/laravel/lumen-framework/src/Concerns/RoutesRequests.php(284): Laravel\\Lumen\\Application->callControllerAction()
#26 /home/vagrant/restfull/vendor/laravel/lumen-framework/src/Concerns/RoutesRequests.php(269): Laravel\\Lumen\\Application->callActionOnArrayBasedRoute()
#27 /home/vagrant/restfull/vendor/laravel/lumen-framework/src/Concerns/RoutesRequests.php(171): Laravel\\Lumen\\Application->handleFoundRoute()
#28 /home/vagrant/restfull/vendor/laravel/lumen-framework/src/Concerns/RoutesRequests.php(431): Laravel\\Lumen\\Application->Laravel\\Lumen\\Concerns\\{closure}()
#29 /home/vagrant/restfull/vendor/laravel/lumen-framework/src/Concerns/RoutesRequests.php(177): Laravel\\Lumen\\Application->sendThroughPipeline()
#30 /home/vagrant/restfull/vendor/laravel/lumen-framework/src/Concerns/RoutesRequests.php(112): Laravel\\Lumen\\Application->dispatch()
#31 /home/vagrant/restfull/public/index.php(27): Laravel\\Lumen\\Application->run()
#32 {main}
"} 
